<?xml version="1.0" encoding="UTF-8"?>
<!-- Generated by org.testng.reporters.JUnitXMLReporter -->
<testsuite hostname="ASDW0041" name="Default test" tests="10" failures="0" timestamp="7 Aug 2018 12:12:25 GMT" time="113.077" errors="0">
  <testcase name="Step01_Launch_Application" time="6.516" classname="com.qait.acs.tests.TestFirst"/>
  <testcase name="verify_search_functionality" time="31.465" classname="com.qait.acs.tests.TestFirst"/>
  <testcase name="testingservicesmenu" time="6.271" classname="com.qait.acs.tests.TestFirst"/>
  <testcase name="testingvertical" time="3.207" classname="com.qait.acs.tests.TestFirst"/>
  <testcase name="testinginnovation" time="3.181" classname="com.qait.acs.tests.TestFirst"/>
  <testcase name="checkingteam" time="3.161" classname="com.qait.acs.tests.TestFirst"/>
  <testcase name="testing_news" time="3.433" classname="com.qait.acs.tests.TestFirst"/>
  <testcase name="testingcontact" time="3.226" classname="com.qait.acs.tests.TestFirst"/>
  <testcase name="verify_vertical_section" time="10.834" classname="com.qait.acs.tests.TestFirst"/>
  <testcase name="verify_download_section" time="17.558" classname="com.qait.acs.tests.TestFirst"/>
</testsuite> <!-- Default test -->
